<?xml version="1.0" encoding="UTF-8"?>
<!-- Generated by org.testng.reporters.JUnitReportReporter -->
<testsuite hostname="DESKTOP-7IQQM56" name="fitnessblender.Testcases" tests="2" failures="0" timestamp="18 Nov 2017 11:20:57 GMT" time="7.587" errors="0">
  <testcase name="TC_003" time="1.305" classname="fitnessblender.Testcases"/>
  <testcase name="TC_02" time="6.282" classname="fitnessblender.Testcases"/>
</testsuite> <!-- fitnessblender.Testcases -->
