<?xml version="1.0" encoding="UTF-8"?>
<!-- Generated by org.testng.reporters.JUnitReportReporter -->
<testsuite hostname="DESKTOP-7IQQM56" name="outlook.OpenOutlook" tests="1" failures="0" timestamp="19 Nov 2017 19:04:19 GMT" time="51.270" errors="0">
  <testcase name="TC_01" time="51.270" classname="outlook.OpenOutlook"/>
</testsuite> <!-- outlook.OpenOutlook -->
