<?xml version="1.0" encoding="UTF-8"?>
<!-- Generated by org.testng.reporters.JUnitReportReporter -->
<testsuite hostname="DESKTOP-7IQQM56" name="test.flipkart.startingPage" tests="1" failures="0" timestamp="7 Jan 2018 10:32:24 GMT" time="0.929" errors="0">
  <testcase name="TC_009" time="0.929" classname="test.flipkart.startingPage"/>
</testsuite> <!-- test.flipkart.startingPage -->
