<?xml version="1.0" encoding="UTF-8"?>
<!-- Generated by org.testng.reporters.JUnitReportReporter -->
<testsuite hostname="DESKTOP-7IQQM56" name="test.flipkart.startingPage" tests="1" failures="0" timestamp="15 Jan 2018 08:25:55 GMT" time="63.723" errors="0">
  <testcase name="TC_009" time="63.723" classname="test.flipkart.startingPage"/>
</testsuite> <!-- test.flipkart.startingPage -->
